2026-04-07 07:48:15 - GCS.MapController - INFO - set_add_mode called: enabled=False, _page_ready=True
2026-04-07 07:48:15 - GCS.MapController - INFO - Executing JavaScript: window.setAddWaypointMode(false);
2026-04-07 07:48:15 - GCS.MapController - INFO - Trigger center-based cache: {'map_name': 'и°·жӯҢеҚ«жҳҹ', 'zoom': 5, 'x_min': 24, 'x_max': 28, 'y_min': 11, 'y_max': 15}
2026-04-07 07:48:15 - GCS.MapController - INFO - Cache request accepted: source=и°·жӯҢеҚ«жҳҹ z=5 x=[24,28] y=[11,15]
2026-04-07 07:48:15 - GCS.MapController - INFO - Cache request accepted: source=и°·жӯҢеҚ«жҳҹ z=5 x=[21,31] y=[11,16]
2026-04-07 08:06:22 - GCS.MapController - INFO - set_add_mode called: enabled=False, _page_ready=True
2026-04-07 08:06:22 - GCS.MapController - INFO - Executing JavaScript: window.setAddWaypointMode(false);
2026-04-07 08:06:22 - GCS.MapController - INFO - Trigger center-based cache: {'map_name': 'и°·жӯҢеҚ«жҳҹ', 'zoom': 5, 'x_min': 24, 'x_max': 28, 'y_min': 11, 'y_max': 15}
2026-04-07 08:06:22 - GCS.MapController - INFO - Cache request accepted: source=и°·жӯҢеҚ«жҳҹ z=5 x=[24,28] y=[11,15]
2026-04-07 08:06:22 - GCS.MapController - INFO - Cache request accepted: source=и°·жӯҢеҚ«жҳҹ z=5 x=[21,31] y=[11,16]
2026-04-07 08:06:30 - GCS.MapController - INFO - Offline cache ready: source=и°·жӯҢеҚ«жҳҹ z=5 x=[24,28] y=[11,15] tiles=25
2026-04-07 08:06:56 - GCS.MapController - INFO - Offline cache ready: source=и°·жӯҢеҚ«жҳҹ z=5 x=[21,31] y=[11,16] tiles=66
2026-04-07 09:03:47 - GCS.MapController - INFO - set_add_mode called: enabled=False, _page_ready=True
2026-04-07 09:03:47 - GCS.MapController - INFO - Executing JavaScript: window.setAddWaypointMode(false);
2026-04-07 09:03:47 - GCS.MapController - INFO - Trigger center-based cache: {'map_name': 'и°·жӯҢеҚ«жҳҹ', 'zoom': 5, 'x_min': 24, 'x_max': 28, 'y_min': 11, 'y_max': 15}
2026-04-07 09:03:47 - GCS.MapController - INFO - Cache request accepted: source=и°·жӯҢеҚ«жҳҹ z=5 x=[24,28] y=[11,15]
2026-04-07 09:03:47 - GCS.MapController - INFO - Offline cache ready: source=и°·жӯҢеҚ«жҳҹ z=5 x=[24,28] y=[11,15] tiles=25
2026-04-07 09:03:47 - GCS.MapController - INFO - Cache request accepted: source=и°·жӯҢеҚ«жҳҹ z=5 x=[21,31] y=[11,16]
2026-04-07 09:03:47 - GCS.MapController - INFO - Offline cache ready: source=и°·жӯҢеҚ«жҳҹ z=5 x=[21,31] y=[11,16] tiles=66
2026-04-07 09:03:55 - GCS.MapController - INFO - Cache request accepted: source=и°·жӯҢеҚ«жҳҹ z=5 x=[19,28] y=[11,16]
2026-04-07 09:03:58 - GCS.MapController - INFO - Cache request accepted: source=и°·жӯҢеҚ«жҳҹ z=7 x=[88,97] y=[50,56]
2026-04-07 09:03:58 - GCS.MapController - INFO - Cache request accepted: source=и°·жӯҢеҚ«жҳҹ z=8 x=[180,189] y=[102,108]
2026-04-07 09:03:59 - GCS.MapController - INFO - Cache request accepted: source=и°·жӯҢеҚ«жҳҹ z=9 x=[363,372] y=[207,213]
2026-04-07 09:04:07 - GCS.MapController - INFO - Cache request accepted: source=и°·жӯҢеҚ«жҳҹ z=11 x=[1466,1475] y=[835,841]
2026-04-07 09:04:07 - GCS.MapController - INFO - Cache request accepted: source=и°·жӯҢеҚ«жҳҹ z=12 x=[2937,2946] y=[1672,1678]
2026-04-07 09:04:10 - GCS.MapController - INFO - Cache request accepted: source=и°·жӯҢеҚ«жҳҹ z=10 x=[731,740] y=[416,422]
2026-04-07 09:04:11 - GCS.MapController - INFO - Offline cache ready: source=и°·жӯҢеҚ«жҳҹ z=5 x=[19,28] y=[11,16] tiles=60
2026-04-07 09:04:12 - GCS.MapController - INFO - set_add_mode called: enabled=False, _page_ready=True
2026-04-07 09:04:12 - GCS.MapController - INFO - Executing JavaScript: window.setAddWaypointMode(false);
2026-04-07 09:06:43 - GCS.MapController - INFO - set_add_mode called: enabled=False, _page_ready=True
2026-04-07 09:06:43 - GCS.MapController - INFO - Executing JavaScript: window.setAddWaypointMode(false);
2026-04-07 09:06:43 - GCS.MapController - INFO - Trigger center-based cache: {'map_name': 'и°·жӯҢеҚ«жҳҹ', 'zoom': 5, 'x_min': 24, 'x_max': 28, 'y_min': 11, 'y_max': 15}
2026-04-07 09:06:43 - GCS.MapController - INFO - Cache request accepted: source=и°·жӯҢеҚ«жҳҹ z=5 x=[24,28] y=[11,15]
2026-04-07 09:06:43 - GCS.MapController - INFO - Offline cache ready: source=и°·жӯҢеҚ«жҳҹ z=5 x=[24,28] y=[11,15] tiles=25
2026-04-07 09:06:43 - GCS.MapController - INFO - Cache request accepted: source=и°·жӯҢеҚ«жҳҹ z=5 x=[21,31] y=[11,16]
2026-04-07 09:06:43 - GCS.MapController - INFO - Offline cache ready: source=и°·жӯҢеҚ«жҳҹ z=5 x=[21,31] y=[11,16] tiles=66
2026-04-07 09:14:03 - GCS.MapController - INFO - set_add_mode called: enabled=False, _page_ready=True
2026-04-07 09:14:03 - GCS.MapController - INFO - Executing JavaScript: window.setAddWaypointMode(false);
2026-04-07 09:14:03 - GCS.MapController - INFO - Trigger center-based cache: {'map_name': 'и°·жӯҢеҚ«жҳҹ', 'zoom': 5, 'x_min': 24, 'x_max': 28, 'y_min': 11, 'y_max': 15}
2026-04-07 09:14:03 - GCS.MapController - INFO - Cache request accepted: source=и°·жӯҢеҚ«жҳҹ z=5 x=[24,28] y=[11,15]
2026-04-07 09:14:03 - GCS.MapController - INFO - Offline cache ready: source=и°·жӯҢеҚ«жҳҹ z=5 x=[24,28] y=[11,15] tiles=25
2026-04-07 09:14:03 - GCS.MapController - INFO - Cache request accepted: source=и°·жӯҢеҚ«жҳҹ z=5 x=[21,31] y=[11,16]
2026-04-07 09:14:03 - GCS.MapController - INFO - Offline cache ready: source=и°·жӯҢеҚ«жҳҹ z=5 x=[21,31] y=[11,16] tiles=66
2026-04-07 09:23:07 - GCS.MapController - INFO - set_add_mode called: enabled=False, _page_ready=True
2026-04-07 09:23:07 - GCS.MapController - INFO - Executing JavaScript: window.setAddWaypointMode(false);
2026-04-07 09:23:07 - GCS.MapController - INFO - Trigger center-based cache: {'map_name': 'и°·жӯҢеҚ«жҳҹ', 'zoom': 5, 'x_min': 24, 'x_max': 28, 'y_min': 11, 'y_max': 15}
2026-04-07 09:23:07 - GCS.MapController - INFO - Cache request accepted: source=и°·жӯҢеҚ«жҳҹ z=5 x=[24,28] y=[11,15]
2026-04-07 09:23:07 - GCS.MapController - INFO - Offline cache ready: source=и°·жӯҢеҚ«жҳҹ z=5 x=[24,28] y=[11,15] tiles=25
2026-04-07 09:23:07 - GCS.MapController - INFO - Cache request accepted: source=и°·жӯҢеҚ«жҳҹ z=5 x=[21,31] y=[11,16]
2026-04-07 09:23:07 - GCS.MapController - INFO - Offline cache ready: source=и°·жӯҢеҚ«жҳҹ z=5 x=[21,31] y=[11,16] tiles=66
2026-04-07 09:23:11 - GCS.MapController - INFO - set_add_mode called: enabled=False, _page_ready=True
2026-04-07 09:23:11 - GCS.MapController - INFO - Executing JavaScript: window.setAddWaypointMode(false);
2026-04-07 10:16:29 - GCS.MapController - INFO - set_add_mode called: enabled=False, _page_ready=True
2026-04-07 10:16:29 - GCS.MapController - INFO - Executing JavaScript: window.setAddWaypointMode(false);
2026-04-07 10:16:29 - GCS.MapController - INFO - Trigger center-based cache: {'map_name': 'и°·жӯҢеҚ«жҳҹ', 'zoom': 5, 'x_min': 24, 'x_max': 28, 'y_min': 11, 'y_max': 15}
2026-04-07 10:16:29 - GCS.MapController - INFO - Cache request accepted: source=и°·жӯҢеҚ«жҳҹ z=5 x=[24,28] y=[11,15]
2026-04-07 10:16:29 - GCS.MapController - INFO - Offline cache ready: source=и°·жӯҢеҚ«жҳҹ z=5 x=[24,28] y=[11,15] tiles=25
2026-04-07 10:16:29 - GCS.MapController - INFO - Cache request accepted: source=и°·жӯҢеҚ«жҳҹ z=5 x=[21,31] y=[11,16]
2026-04-07 10:16:29 - GCS.MapController - INFO - Offline cache ready: source=и°·жӯҢеҚ«жҳҹ z=5 x=[21,31] y=[11,16] tiles=66
2026-04-07 10:28:20 - GCS.MapController - INFO - set_add_mode called: enabled=False, _page_ready=True
2026-04-07 10:28:20 - GCS.MapController - INFO - Executing JavaScript: window.setAddWaypointMode(false);
2026-04-07 10:28:20 - GCS.MapController - INFO - Trigger center-based cache: {'map_name': 'и°·жӯҢеҚ«жҳҹ', 'zoom': 5, 'x_min': 24, 'x_max': 28, 'y_min': 11, 'y_max': 15}
2026-04-07 10:28:20 - GCS.MapController - INFO - Cache request accepted: source=и°·жӯҢеҚ«жҳҹ z=5 x=[24,28] y=[11,15]
2026-04-07 10:28:20 - GCS.MapController - INFO - Offline cache ready: source=и°·жӯҢеҚ«жҳҹ z=5 x=[24,28] y=[11,15] tiles=25
2026-04-07 10:28:20 - GCS.MapController - INFO - Cache request accepted: source=и°·жӯҢеҚ«жҳҹ z=5 x=[21,31] y=[11,16]
2026-04-07 10:28:20 - GCS.MapController - INFO - Offline cache ready: source=и°·жӯҢеҚ«жҳҹ z=5 x=[21,31] y=[11,16] tiles=66
2026-04-07 10:49:21 - GCS.MapController - INFO - set_add_mode called: enabled=False, _page_ready=True
2026-04-07 10:49:21 - GCS.MapController - INFO - Executing JavaScript: window.setAddWaypointMode(false);
2026-04-07 10:49:21 - GCS.MapController - INFO - Trigger center-based cache: {'map_name': 'и°·жӯҢеҚ«жҳҹ', 'zoom': 5, 'x_min': 24, 'x_max': 28, 'y_min': 11, 'y_max': 15}
2026-04-07 10:49:21 - GCS.MapController - INFO - Cache request accepted: source=и°·жӯҢеҚ«жҳҹ z=5 x=[24,28] y=[11,15]
2026-04-07 10:49:21 - GCS.MapController - INFO - Offline cache ready: source=и°·жӯҢеҚ«жҳҹ z=5 x=[24,28] y=[11,15] tiles=25
2026-04-07 10:49:21 - GCS.MapController - INFO - Cache request accepted: source=и°·жӯҢеҚ«жҳҹ z=5 x=[21,31] y=[11,16]
2026-04-07 10:49:21 - GCS.MapController - INFO - Offline cache ready: source=и°·жӯҢеҚ«жҳҹ z=5 x=[21,31] y=[11,16] tiles=66
