2026-04-07 07:48:14 - GCS.UserAction - INFO - {"action": "waypoints_updated", "details": {"total": 0}}
2026-04-07 07:48:14 - GCS.UserAction - INFO - {"action": "auto_route_updated", "details": {"items_count": 0}}
2026-04-07 07:48:14 - GCS.UserAction - INFO - {"action": "app_started", "details": {"window_size": "1700x1000"}}
2026-04-07 07:48:23 - GCS.UserAction - INFO - {"action": "panel_shown", "details": {"panel": "peripherals", "x": 150, "y": 110}}
2026-04-07 08:06:21 - GCS.UserAction - INFO - {"action": "waypoints_updated", "details": {"total": 0}}
2026-04-07 08:06:21 - GCS.UserAction - INFO - {"action": "auto_route_updated", "details": {"items_count": 0}}
2026-04-07 08:06:21 - GCS.UserAction - INFO - {"action": "app_started", "details": {"window_size": "1700x1000"}}
2026-04-07 09:03:47 - GCS.UserAction - INFO - {"action": "waypoints_updated", "details": {"total": 0}}
2026-04-07 09:03:47 - GCS.UserAction - INFO - {"action": "auto_route_updated", "details": {"items_count": 0}}
2026-04-07 09:03:47 - GCS.UserAction - INFO - {"action": "app_started", "details": {"window_size": "1700x1000"}}
2026-04-07 09:04:12 - GCS.UserAction - INFO - {"action": "app_closed", "details": {}}
2026-04-07 09:06:42 - GCS.UserAction - INFO - {"action": "waypoints_updated", "details": {"total": 0}}
2026-04-07 09:06:42 - GCS.UserAction - INFO - {"action": "auto_route_updated", "details": {"items_count": 0}}
2026-04-07 09:06:42 - GCS.UserAction - INFO - {"action": "app_started", "details": {"window_size": "1700x1000"}}
2026-04-07 09:06:45 - GCS.UserAction - INFO - {"action": "panel_shown", "details": {"panel": "waypoint", "x": 70, "y": 90}}
2026-04-07 09:06:54 - GCS.UserAction - INFO - {"action": "panel_hidden", "details": {"panel": "waypoint"}}
2026-04-07 09:06:54 - GCS.UserAction - INFO - {"action": "panel_close_clicked", "details": {"panel": "waypoint"}}
2026-04-07 09:06:56 - GCS.UserAction - INFO - {"action": "connection_dialog_opened", "details": {}}
2026-04-07 09:06:56 - GCS.UserAction - INFO - {"action": "connection_requested", "details": {"connection_type": "serial", "port": "COM6", "baud": 115200}}
2026-04-07 09:06:57 - GCS.UserAction - INFO - {"action": "waypoints_updated", "details": {"total": 0}}
2026-04-07 09:06:57 - GCS.UserAction - INFO - {"action": "auto_route_updated", "details": {"items_count": 0}}
2026-04-07 09:06:57 - GCS.UserAction - INFO - {"action": "waypoints_updated", "details": {"total": 0}}
2026-04-07 09:06:57 - GCS.UserAction - INFO - {"action": "auto_route_updated", "details": {"items_count": 0}}
2026-04-07 09:06:57 - GCS.UserAction - INFO - {"action": "waypoints_updated", "details": {"total": 0}}
2026-04-07 09:06:57 - GCS.UserAction - INFO - {"action": "auto_route_updated", "details": {"items_count": 0}}
2026-04-07 09:06:57 - GCS.UserAction - INFO - {"action": "waypoints_updated", "details": {"total": 0}}
2026-04-07 09:06:57 - GCS.UserAction - INFO - {"action": "auto_route_updated", "details": {"items_count": 0}}
2026-04-07 09:06:57 - GCS.UserAction - INFO - {"action": "waypoints_updated", "details": {"total": 0}}
2026-04-07 09:06:57 - GCS.UserAction - INFO - {"action": "auto_route_updated", "details": {"items_count": 0}}
2026-04-07 09:06:59 - GCS.UserAction - INFO - {"action": "connection_succeeded", "details": {}}
2026-04-07 09:07:00 - GCS.UserAction - INFO - {"action": "waypoints_updated", "details": {"total": 0}}
2026-04-07 09:07:00 - GCS.UserAction - INFO - {"action": "auto_route_updated", "details": {"items_count": 0}}
2026-04-07 09:14:02 - GCS.UserAction - INFO - {"action": "waypoints_updated", "details": {"total": 0}}
2026-04-07 09:14:02 - GCS.UserAction - INFO - {"action": "auto_route_updated", "details": {"items_count": 0}}
2026-04-07 09:14:02 - GCS.UserAction - INFO - {"action": "app_started", "details": {"window_size": "1700x1000"}}
2026-04-07 09:23:06 - GCS.UserAction - INFO - {"action": "waypoints_updated", "details": {"total": 0}}
2026-04-07 09:23:06 - GCS.UserAction - INFO - {"action": "auto_route_updated", "details": {"items_count": 0}}
2026-04-07 09:23:06 - GCS.UserAction - INFO - {"action": "app_started", "details": {"window_size": "1700x1000"}}
2026-04-07 09:23:11 - GCS.UserAction - INFO - {"action": "app_closed", "details": {}}
2026-04-07 10:16:28 - GCS.UserAction - INFO - {"action": "waypoints_updated", "details": {"total": 0}}
2026-04-07 10:16:28 - GCS.UserAction - INFO - {"action": "auto_route_updated", "details": {"items_count": 0}}
2026-04-07 10:16:28 - GCS.UserAction - INFO - {"action": "app_started", "details": {"window_size": "1700x1000"}}
